<?xml version="1.0" encoding="UTF-8"?>
<!-- Generated by org.testng.reporters.JUnitReportReporter -->
<testsuite hostname="DESKTOP-490UP6C" failures="0" tests="1" name="base.BaseClass1" time="9.916" errors="0" timestamp="2024-05-15T00:20:01 BST" skipped="0">
  <testcase classname="base.BaseClass1" name="sampleTest" time="9.916"/>
  <system-out/>
</testsuite> <!-- base.BaseClass1 -->
