<?xml version="1.0" encoding="UTF-8"?>
<!-- Generated by org.testng.reporters.JUnitReportReporter -->
<testsuite hostname="DESKTOP-490UP6C" failures="0" tests="3" name="test.TestLoginWithCreds" time="107.676" errors="0" timestamp="2024-05-15T14:39:07 BST" skipped="0">
  <testcase classname="test.TestLoginWithCreds" name="test_Invalid_Email" time="29.793"/>
  <system-out/>
  <testcase classname="test.TestLoginWithCreds" name="test_Invalid_Creds" time="30.083"/>
  <system-out/>
  <testcase classname="test.TestLoginWithCreds" name="test_Valid_Creds" time="47.800"/>
  <system-out/>
</testsuite> <!-- test.TestLoginWithCreds -->
